<?xml version="1.0" encoding="UTF-8"?>
<testsuite name="ohtuesimerkki.StatisticsTest" tests="4" skipped="0" failures="0" errors="0" timestamp="2020-01-20T20:31:50" hostname="Niklass-MacBook-Pro.local" time="0.031">
  <properties/>
  <testcase name="pelaajaLoydetaan" classname="ohtuesimerkki.StatisticsTest" time="0.029"/>
  <testcase name="olematontaPelaajaEiLoydy" classname="ohtuesimerkki.StatisticsTest" time="0.0"/>
  <testcase name="joukkueenPelaajatLoytyvat" classname="ohtuesimerkki.StatisticsTest" time="0.0"/>
  <testcase name="parasPistemiesOnOikea" classname="ohtuesimerkki.StatisticsTest" time="0.0"/>
  <system-out><![CDATA[]]></system-out>
  <system-err><![CDATA[]]></system-err>
</testsuite>
